<?xml version="1.0" encoding="UTF-8"?>
<!-- Generated by org.testng.reporters.JUnitXMLReporter -->
<testsuite ignored="0" hostname="Elisses-Laptop.local" failures="0" tests="3" name="Submit Order" time="46.725" errors="0" timestamp="2025-05-20T22:33:42 PST">
  <testcase classname="elissectesting.tests.SubmitOrderTest" name="submitOrder" time="4.341"/>
  <testcase classname="elissectesting.tests.SubmitOrderTest" name="submitOrder" time="4.048"/>
  <testcase classname="elissectesting.tests.SubmitOrderTest" name="OrderHistoryTest" time="0.86"/>
</testsuite> <!-- Submit Order -->
