<?xml version="1.0" encoding="UTF-8"?>
<!-- Generated by org.testng.reporters.JUnitXMLReporter -->
<testsuite ignored="2" hostname="Elisses-Laptop.local" failures="0" tests="0" time="0.003" errors="0" timestamp="2025-05-20T23:10:45 PST">
  <testcase classname="elissectesting.tests.ErrorValidationsTest" name="productChecking" time="0.0">
    <ignored/>
  </testcase> <!-- productChecking -->
  <testcase classname="elissectesting.tests.ErrorValidationsTest" name="loginChecking" time="0.0">
    <ignored/>
  </testcase> <!-- loginChecking -->
</testsuite>
