<?xml version="1.0" encoding="UTF-8"?>
<!-- Generated by org.testng.reporters.JUnitXMLReporter -->
<testsuite ignored="1" hostname="Elisses-Laptop.local" failures="0" tests="2" name="Submit Order" time="16.493" errors="0" timestamp="2025-05-20T15:37:18 PST">
  <testcase classname="elissectesting.tests.SubmitOrderTest" name="submitOrder" time="7.342"/>
  <testcase classname="elissectesting.tests.SubmitOrderTest" name="submitOrder" time="5.369"/>
  <testcase classname="elissectesting.tests.SubmitOrderTest" name="OrderHistoryTest" time="0.0">
    <ignored/>
  </testcase> <!-- OrderHistoryTest -->
</testsuite> <!-- Submit Order -->
